<?xml version="1.0" encoding="UTF-8"?>
<coverage generated="1733938467842" clover="3.2.0">
  <project timestamp="1733938467842" name="All files">
    <metrics statements="19" coveredstatements="18" conditionals="12" coveredconditionals="10" methods="2" coveredmethods="2" elements="33" coveredelements="30" complexity="0" loc="19" ncloc="19" packages="1" files="1" classes="1"/>
    <file name="formatData.tsx" path="/Users/elvira_home/WebstormProjects/check-health/telegramBot/helpers/formatData.tsx">
      <metrics statements="19" coveredstatements="18" conditionals="12" coveredconditionals="10" methods="2" coveredmethods="2"/>
      <line num="1" count="1" type="stmt"/>
      <line num="3" count="1" type="stmt"/>
      <line num="4" count="1" type="stmt"/>
      <line num="5" count="1" type="stmt"/>
      <line num="7" count="1" type="stmt"/>
      <line num="8" count="3" type="stmt"/>
      <line num="9" count="3" type="cond" truecount="2" falsecount="0"/>
      <line num="11" count="3" type="cond" truecount="3" falsecount="0"/>
      <line num="12" count="2" type="cond" truecount="1" falsecount="1"/>
      <line num="13" count="2" type="stmt"/>
      <line num="16" count="3" type="cond" truecount="3" falsecount="0"/>
      <line num="17" count="1" type="cond" truecount="1" falsecount="1"/>
      <line num="18" count="1" type="stmt"/>
      <line num="19" count="1" type="stmt"/>
      <line num="23" count="0" type="stmt"/>
      <line num="26" count="1" type="stmt"/>
      <line num="27" count="3" type="stmt"/>
      <line num="28" count="3" type="stmt"/>
      <line num="29" count="3" type="stmt"/>
    </file>
  </project>
</coverage>
