{"/Users/elvira_home/WebstormProjects/check-health/telegramBot/helpers/formatData.tsx": {"path":"/Users/elvira_home/WebstormProjects/check-health/telegramBot/helpers/formatData.tsx","statementMap":{"0":{"start":{"line":1,"column":0},"end":{"line":1,"column":37}},"1":{"start":{"line":3,"column":38},"end":{"line":24,"column":1}},"2":{"start":{"line":4,"column":21},"end":{"line":4,"column":46}},"3":{"start":{"line":5,"column":15},"end":{"line":5,"column":18}},"4":{"start":{"line":7,"column":2},"end":{"line":21,"column":3}},"5":{"start":{"line":7,"column":15},"end":{"line":7,"column":33}},"6":{"start":{"line":8,"column":18},"end":{"line":8,"column":51}},"7":{"start":{"line":9,"column":16},"end":{"line":9,"column":80}},"8":{"start":{"line":11,"column":4},"end":{"line":14,"column":5}},"9":{"start":{"line":12,"column":23},"end":{"line":12,"column":67}},"10":{"start":{"line":13,"column":6},"end":{"line":13,"column":33}},"11":{"start":{"line":16,"column":4},"end":{"line":20,"column":5}},"12":{"start":{"line":17,"column":23},"end":{"line":17,"column":72}},"13":{"start":{"line":18,"column":6},"end":{"line":18,"column":33}},"14":{"start":{"line":19,"column":6},"end":{"line":19,"column":20}},"15":{"start":{"line":23,"column":2},"end":{"line":23,"column":16}},"16":{"start":{"line":3,"column":13},"end":{"line":3,"column":38}},"17":{"start":{"line":26,"column":38},"end":{"line":30,"column":1}},"18":{"start":{"line":27,"column":18},"end":{"line":27,"column":47}},"19":{"start":{"line":28,"column":16},"end":{"line":28,"column":43}},"20":{"start":{"line":29,"column":2},"end":{"line":29,"column":74}},"21":{"start":{"line":26,"column":13},"end":{"line":26,"column":38}}},"fnMap":{"0":{"name":"(anonymous_0)","decl":{"start":{"line":3,"column":38},"end":{"line":3,"column":39}},"loc":{"start":{"line":3,"column":50},"end":{"line":24,"column":1}}},"1":{"name":"(anonymous_1)","decl":{"start":{"line":26,"column":38},"end":{"line":26,"column":39}},"loc":{"start":{"line":26,"column":53},"end":{"line":30,"column":1}}}},"branchMap":{"0":{"loc":{"start":{"line":9,"column":16},"end":{"line":9,"column":80}},"type":"cond-expr","locations":[{"start":{"line":9,"column":38},"end":{"line":9,"column":69}},{"start":{"line":9,"column":72},"end":{"line":9,"column":80}}]},"1":{"loc":{"start":{"line":11,"column":4},"end":{"line":14,"column":5}},"type":"if","locations":[{"start":{"line":11,"column":4},"end":{"line":14,"column":5}}]},"2":{"loc":{"start":{"line":11,"column":8},"end":{"line":11,"column":48}},"type":"binary-expr","locations":[{"start":{"line":11,"column":8},"end":{"line":11,"column":27}},{"start":{"line":11,"column":31},"end":{"line":11,"column":48}}]},"3":{"loc":{"start":{"line":12,"column":23},"end":{"line":12,"column":67}},"type":"binary-expr","locations":[{"start":{"line":12,"column":23},"end":{"line":12,"column":62}},{"start":{"line":12,"column":66},"end":{"line":12,"column":67}}]},"4":{"loc":{"start":{"line":16,"column":4},"end":{"line":20,"column":5}},"type":"if","locations":[{"start":{"line":16,"column":4},"end":{"line":20,"column":5}}]},"5":{"loc":{"start":{"line":16,"column":8},"end":{"line":16,"column":47}},"type":"binary-expr","locations":[{"start":{"line":16,"column":8},"end":{"line":16,"column":26}},{"start":{"line":16,"column":30},"end":{"line":16,"column":47}}]},"6":{"loc":{"start":{"line":17,"column":23},"end":{"line":17,"column":72}},"type":"binary-expr","locations":[{"start":{"line":17,"column":23},"end":{"line":17,"column":67}},{"start":{"line":17,"column":71},"end":{"line":17,"column":72}}]}},"s":{"0":1,"1":1,"2":1,"3":1,"4":1,"5":1,"6":3,"7":3,"8":3,"9":2,"10":2,"11":3,"12":1,"13":1,"14":1,"15":0,"16":1,"17":1,"18":3,"19":3,"20":3,"21":1},"f":{"0":1,"1":3},"b":{"0":[2,1],"1":[2],"2":[3,2],"3":[2,0],"4":[1],"5":[3,1],"6":[1,0]}}
}
